0 info it worked if it ends with ok
1 verbose cli [ 'C:\\Program Files\\nodejs\\node.exe',
1 verbose cli   'C:\\Users\\George\\AppData\\Roaming\\npm\\node_modules\\npm\\bin\\npm-cli.js',
1 verbose cli   'start' ]
2 info using npm@3.10.5
3 info using node@v4.4.7
4 verbose run-script [ 'prestart', 'start', 'poststart' ]
5 info lifecycle hexo-converter@0.0.1~prestart: hexo-converter@0.0.1
6 silly lifecycle hexo-converter@0.0.1~prestart: no script for prestart, continuing
7 info lifecycle hexo-converter@0.0.1~start: hexo-converter@0.0.1
8 verbose lifecycle hexo-converter@0.0.1~start: unsafe-perm in lifecycle true
9 verbose lifecycle hexo-converter@0.0.1~start: PATH: C:\Users\George\AppData\Roaming\npm\node_modules\npm\bin\node-gyp-bin;C:\Users\George\Source\Repos\hexo-converter\node_modules\.bin;C:\Program Files\nodejs;C:\yotta\python\;C:\yotta\python\Scripts;C:\WINDOWS\system32;C:\WINDOWS;C:\WINDOWS\System32\Wbem;C:\WINDOWS\System32\WindowsPowerShell\v1.0\;C:\ProgramData\chocolatey\bin;C:\Program Files\Java\jdk1.8.0_92\bin;C:\Program Files (x86)\GNU\GnuPG\pub;C:\Program Files\Microsoft DNX\Dnvm\;C:\Program Files (x86)\Windows Kits\8.1\Windows Performance Toolkit\;C:\Program Files\Microsoft SQL Server\130\Tools\Binn\;C:\Program Files\Microsoft SQL Server\Client SDK\ODBC\130\Tools\Binn\;C:\Program Files (x86)\Microsoft SQL Server\130\Tools\Binn\;C:\Program Files\Microsoft SQL Server\130\DTS\Binn\;C:\Program Files (x86)\Microsoft SQL Server\Client SDK\ODBC\130\Tools\Binn\;C:\Program Files (x86)\Microsoft SQL Server\130\DTS\Binn\;C:\Program Files (x86)\Microsoft SQL Server\130\Tools\Binn\ManagementStudio\;C:\Program Files\nodejs\;C:\Program Files\Git\cmd;C:\yotta\mercurial;C:\Program Files (x86)\Microsoft VS Code\bin;C:\Users\George\AppData\Roaming\npm;C:\Users\George\AppData\Roaming\Dashlane\4.5.1.14959\bin\Firefox_Extension\{442718d9-475e-452a-b3e1-fb1ee16b8e9f}\components;C:\Users\George\AppData\Roaming\Dashlane\4.5.1.15044\bin\Firefox_Extension\{442718d9-475e-452a-b3e1-fb1ee16b8e9f}\components;C:\yotta\python;C:\yotta;C:\yotta\mercurial
10 verbose lifecycle hexo-converter@0.0.1~start: CWD: C:\Users\George\Source\Repos\hexo-converter
11 silly lifecycle hexo-converter@0.0.1~start: Args: [ '/d /s /c', 'tsc && node index.js' ]
12 silly lifecycle hexo-converter@0.0.1~start: Returned: code: 2  signal: null
13 info lifecycle hexo-converter@0.0.1~start: Failed to exec start script
14 verbose stack Error: hexo-converter@0.0.1 start: `tsc && node index.js`
14 verbose stack Exit status 2
14 verbose stack     at EventEmitter.<anonymous> (C:\Users\George\AppData\Roaming\npm\node_modules\npm\lib\utils\lifecycle.js:242:16)
14 verbose stack     at emitTwo (events.js:87:13)
14 verbose stack     at EventEmitter.emit (events.js:172:7)
14 verbose stack     at ChildProcess.<anonymous> (C:\Users\George\AppData\Roaming\npm\node_modules\npm\lib\utils\spawn.js:40:14)
14 verbose stack     at emitTwo (events.js:87:13)
14 verbose stack     at ChildProcess.emit (events.js:172:7)
14 verbose stack     at maybeClose (internal/child_process.js:827:16)
14 verbose stack     at Process.ChildProcess._handle.onexit (internal/child_process.js:211:5)
15 verbose pkgid hexo-converter@0.0.1
16 verbose cwd C:\Users\George\Source\Repos\hexo-converter
17 error Windows_NT 10.0.10586
18 error argv "C:\\Program Files\\nodejs\\node.exe" "C:\\Users\\George\\AppData\\Roaming\\npm\\node_modules\\npm\\bin\\npm-cli.js" "start"
19 error node v4.4.7
20 error npm  v3.10.5
21 error code ELIFECYCLE
22 error hexo-converter@0.0.1 start: `tsc && node index.js`
22 error Exit status 2
23 error Failed at the hexo-converter@0.0.1 start script 'tsc && node index.js'.
23 error Make sure you have the latest version of node.js and npm installed.
23 error If you do, this is most likely a problem with the hexo-converter package,
23 error not with npm itself.
23 error Tell the author that this fails on your system:
23 error     tsc && node index.js
23 error You can get information on how to open an issue for this project with:
23 error     npm bugs hexo-converter
23 error Or if that isn't available, you can get their info via:
23 error     npm owner ls hexo-converter
23 error There is likely additional logging output above.
24 verbose exit [ 1, true ]
